# JRE version: 7.0_25-b17
# Java VM: Java HotSpot(TM) 64-Bit Server VM (23.25-b01 mixed mode windows-amd64 compressed oops)
Heap
 PSYoungGen      total 519232K, used 431889K [0x00000007d5560000, 0x00000007fb200000, 0x0000000800000000)
  eden space 480128K, 89% used [0x00000007d5560000,0x00000007efb247b8,0x00000007f2a40000)
  from space 39104K, 0% used [0x00000007f8bd0000,0x00000007f8bd0000,0x00000007fb200000)
  to   space 59392K, 0% used [0x00000007f3e00000,0x00000007f3e00000,0x00000007f7800000)
 ParOldGen       total 364480K, used 241731K [0x0000000780000000, 0x00000007963f0000, 0x00000007d5560000)
  object space 364480K, 66% used [0x0000000780000000,0x000000078ec10ed0,0x00000007963f0000)
 PSPermGen       total 192320K, used 124013K [0x0000000770000000, 0x000000077bbd0000, 0x0000000780000000)
  object space 192320K, 64% used [0x0000000770000000,0x000000077791b670,0x000000077bbd0000)
GC Heap History (10 events):
Event: 522.209 GC heap before
{Heap before GC invocations=30 (full 1):
 PSYoungGen      total 592064K, used 592004K [0x00000007d5560000, 0x00000007fd690000, 0x0000000800000000)
  eden space 571136K, 100% used [0x00000007d5560000,0x00000007f8320000,0x00000007f8320000)
  from space 20928K, 99% used [0x00000007fc220000,0x00000007fd6810e8,0x00000007fd690000)
  to   space 34560K, 0% used [0x00000007f9310000,0x00000007f9310000,0x00000007fb4d0000)
 ParOldGen       total 263104K, used 192295K [0x0000000780000000, 0x00000007900f0000, 0x00000007d5560000)
  object space 263104K, 73% used [0x0000000780000000,0x000000078bbc9fb8,0x00000007900f0000)
 PSPermGen       total 147584K, used 98978K [0x0000000770000000, 0x0000000779020000, 0x0000000780000000)
  object space 147584K, 67% used [0x0000000770000000,0x00000007760a8a78,0x0000000779020000)
Event: 522.243 GC heap after
Heap after GC invocations=30 (full 1):
 PSYoungGen      total 578240K, used 31571K [0x00000007d5560000, 0x00000007fc230000, 0x0000000800000000)
  eden space 546624K, 0% used [0x00000007d5560000,0x00000007d5560000,0x00000007f6b30000)
  from space 31616K, 99% used [0x00000007f9310000,0x00000007fb1e4e90,0x00000007fb1f0000)
  to   space 16640K, 0% used [0x00000007fb1f0000,0x00000007fb1f0000,0x00000007fc230000)
 ParOldGen       total 263104K, used 192295K [0x0000000780000000, 0x00000007900f0000, 0x00000007d5560000)
  object space 263104K, 73% used [0x0000000780000000,0x000000078bbc9fb8,0x00000007900f0000)
 PSPermGen       total 147584K, used 98978K [0x0000000770000000, 0x0000000779020000, 0x0000000780000000)
  object space 147584K, 67% used [0x0000000770000000,0x00000007760a8a78,0x0000000779020000)
}
Event: 1151.529 GC heap before
{Heap before GC invocations=31 (full 1):
 PSYoungGen      total 578240K, used 578195K [0x00000007d5560000, 0x00000007fc230000, 0x0000000800000000)
  eden space 546624K, 100% used [0x00000007d5560000,0x00000007f6b30000,0x00000007f6b30000)
  from space 31616K, 99% used [0x00000007f9310000,0x00000007fb1e4e90,0x00000007fb1f0000)
  to   space 16640K, 0% used [0x00000007fb1f0000,0x00000007fb1f0000,0x00000007fc230000)
 ParOldGen       total 263104K, used 192295K [0x0000000780000000, 0x00000007900f0000, 0x00000007d5560000)
  object space 263104K, 73% used [0x0000000780000000,0x000000078bbc9fb8,0x00000007900f0000)
 PSPermGen       total 147584K, used 99897K [0x0000000770000000, 0x0000000779020000, 0x0000000780000000)
  object space 147584K, 67% used [0x0000000770000000,0x000000077618e458,0x0000000779020000)
Event: 1151.604 GC heap after
Heap after GC invocations=31 (full 1):
 PSYoungGen      total 539968K, used 16621K [0x00000007d5560000, 0x00000007fc230000, 0x0000000800000000)
  eden space 523328K, 0% used [0x00000007d5560000,0x00000007d5560000,0x00000007f5470000)
  from space 16640K, 99% used [0x00000007fb1f0000,0x00000007fc22b6b0,0x00000007fc230000)
  to   space 46784K, 0% used [0x00000007f66d0000,0x00000007f66d0000,0x00000007f9480000)
 ParOldGen       total 263104K, used 220009K [0x0000000780000000, 0x00000007900f0000, 0x00000007d5560000)
  object space 263104K, 83% used [0x0000000780000000,0x000000078d6da428,0x00000007900f0000)
 PSPermGen       total 147584K, used 99897K [0x0000000770000000, 0x0000000779020000, 0x0000000780000000)
  object space 147584K, 67% used [0x0000000770000000,0x000000077618e458,0x0000000779020000)
}
Event: 1167.092 GC heap before
{Heap before GC invocations=32 (full 1):
 PSYoungGen      total 539968K, used 539949K [0x00000007d5560000, 0x00000007fc230000, 0x0000000800000000)
  eden space 523328K, 100% used [0x00000007d5560000,0x00000007f5470000,0x00000007f5470000)
  from space 16640K, 99% used [0x00000007fb1f0000,0x00000007fc22b6b0,0x00000007fc230000)
  to   space 46784K, 0% used [0x00000007f66d0000,0x00000007f66d0000,0x00000007f9480000)
 ParOldGen       total 263104K, used 220009K [0x0000000780000000, 0x00000007900f0000, 0x00000007d5560000)
  object space 263104K, 83% used [0x0000000780000000,0x000000078d6da428,0x00000007900f0000)
 PSPermGen       total 147584K, used 106786K [0x0000000770000000, 0x0000000779020000, 0x0000000780000000)
  object space 147584K, 72% used [0x0000000770000000,0x0000000776848908,0x0000000779020000)
Event: 1167.141 GC heap after
Heap after GC invocations=32 (full 1):
 PSYoungGen      total 539072K, used 37870K [0x00000007d5560000, 0x00000007fb200000, 0x0000000800000000)
  eden space 501184K, 0% used [0x00000007d5560000,0x00000007d5560000,0x00000007f3ed0000)
  from space 37888K, 99% used [0x00000007f66d0000,0x00000007f8bcbb90,0x00000007f8bd0000)
  to   space 39104K, 0% used [0x00000007f8bd0000,0x00000007f8bd0000,0x00000007fb200000)
 ParOldGen       total 263104K, used 230946K [0x0000000780000000, 0x00000007900f0000, 0x00000007d5560000)
  object space 263104K, 87% used [0x0000000780000000,0x000000078e188b98,0x00000007900f0000)
 PSPermGen       total 147584K, used 106786K [0x0000000770000000, 0x0000000779020000, 0x0000000780000000)
  object space 147584K, 72% used [0x0000000770000000,0x0000000776848908,0x0000000779020000)
}
Event: 1172.796 GC heap before
{Heap before GC invocations=33 (full 1):
 PSYoungGen      total 539072K, used 539054K [0x00000007d5560000, 0x00000007fb200000, 0x0000000800000000)
  eden space 501184K, 100% used [0x00000007d5560000,0x00000007f3ed0000,0x00000007f3ed0000)
  from space 37888K, 99% used [0x00000007f66d0000,0x00000007f8bcbb90,0x00000007f8bd0000)
  to   space 39104K, 0% used [0x00000007f8bd0000,0x00000007f8bd0000,0x00000007fb200000)
 ParOldGen       total 263104K, used 230946K [0x0000000780000000, 0x00000007900f0000, 0x00000007d5560000)
  object space 263104K, 87% used [0x0000000780000000,0x000000078e188b98,0x00000007900f0000)
 PSPermGen       total 147584K, used 118701K [0x0000000770000000, 0x0000000779020000, 0x0000000780000000)
  object space 147584K, 80% used [0x0000000770000000,0x00000007773eb520,0x0000000779020000)
Event: 1172.843 GC heap after
Heap after GC invocations=33 (full 1):
 PSYoungGen      total 519232K, used 39072K [0x00000007d5560000, 0x00000007fb200000, 0x0000000800000000)
  eden space 480128K, 0% used [0x00000007d5560000,0x00000007d5560000,0x00000007f2a40000)
  from space 39104K, 99% used [0x00000007f8bd0000,0x00000007fb1f8250,0x00000007fb200000)
  to   space 59392K, 0% used [0x00000007f3e00000,0x00000007f3e00000,0x00000007f7800000)
 ParOldGen       total 263104K, used 244132K [0x0000000780000000, 0x00000007900f0000, 0x00000007d5560000)
  object space 263104K, 92% used [0x0000000780000000,0x000000078ee69048,0x00000007900f0000)
 PSPermGen       total 147584K, used 118701K [0x0000000770000000, 0x0000000779020000, 0x0000000780000000)
  object space 147584K, 80% used [0x0000000770000000,0x00000007773eb520,0x0000000779020000)
}
Event: 1172.843 GC heap before
{Heap before GC invocations=34 (full 2):
 PSYoungGen      total 519232K, used 39072K [0x00000007d5560000, 0x00000007fb200000, 0x0000000800000000)
  eden space 480128K, 0% used [0x00000007d5560000,0x00000007d5560000,0x00000007f2a40000)
  from space 39104K, 99% used [0x00000007f8bd0000,0x00000007fb1f8250,0x00000007fb200000)
  to   space 59392K, 0% used [0x00000007f3e00000,0x00000007f3e00000,0x00000007f7800000)
 ParOldGen       total 263104K, used 244132K [0x0000000780000000, 0x00000007900f0000, 0x00000007d5560000)
  object space 263104K, 92% used [0x0000000780000000,0x000000078ee69048,0x00000007900f0000)
 PSPermGen       total 147584K, used 118701K [0x0000000770000000, 0x0000000779020000, 0x0000000780000000)
  object space 147584K, 80% used [0x0000000770000000,0x00000007773eb520,0x0000000779020000)
Event: 1173.726 GC heap after
Heap after GC invocations=34 (full 2):
 PSYoungGen      total 519232K, used 0K [0x00000007d5560000, 0x00000007fb200000, 0x0000000800000000)
  eden space 480128K, 0% used [0x00000007d5560000,0x00000007d5560000,0x00000007f2a40000)
  from space 39104K, 0% used [0x00000007f8bd0000,0x00000007f8bd0000,0x00000007fb200000)
  to   space 59392K, 0% used [0x00000007f3e00000,0x00000007f3e00000,0x00000007f7800000)
 ParOldGen       total 364480K, used 241731K [0x0000000780000000, 0x00000007963f0000, 0x00000007d5560000)
  object space 364480K, 66% used [0x0000000780000000,0x000000078ec10ed0,0x00000007963f0000)
 PSPermGen       total 192320K, used 110776K [0x0000000770000000, 0x000000077bbd0000, 0x0000000780000000)
  object space 192320K, 57% used [0x0000000770000000,0x0000000776c2e3a8,0x000000077bbd0000)
}

