# JRE version: Java(TM) SE Runtime Environment (7.0_65-b19) (build 1.7.0_65-b19)
# Java VM: Java HotSpot(TM) 64-Bit Server VM (24.65-b04 mixed mode windows-amd64 compressed oops)
Heap
 PSYoungGen      total 31744K, used 18595K [0x00000000f0000000, 0x00000000f2c00000, 0x0000000100000000)
  eden space 24064K, 54% used [0x00000000f0000000,0x00000000f0cb4d90,0x00000000f1780000)
  from space 7680K, 72% used [0x00000000f1780000,0x00000000f1cf4258,0x00000000f1f00000)
  to   space 8192K, 0% used [0x00000000f2400000,0x00000000f2400000,0x00000000f2c00000)
 ParOldGen       total 165888K, used 160807K [0x00000000d0000000, 0x00000000da200000, 0x00000000f0000000)
  object space 165888K, 96% used [0x00000000d0000000,0x00000000d9d09c78,0x00000000da200000)
 PSPermGen       total 79360K, used 66007K [0x00000000c0000000, 0x00000000c4d80000, 0x00000000d0000000)
  object space 79360K, 83% used [0x00000000c0000000,0x00000000c4075d30,0x00000000c4d80000)
GC Heap History (10 events):
Event: 113301.649 GC heap before
{Heap before GC invocations=255 (full 4):
 PSYoungGen      total 27136K, used 27136K [0x00000000f0000000, 0x00000000f1f00000, 0x0000000100000000)
  eden space 25600K, 100% used [0x00000000f0000000,0x00000000f1900000,0x00000000f1900000)
  from space 1536K, 100% used [0x00000000f1b80000,0x00000000f1d00000,0x00000000f1d00000)
  to   space 2560K, 0% used [0x00000000f1900000,0x00000000f1900000,0x00000000f1b80000)
 ParOldGen       total 165888K, used 156402K [0x00000000d0000000, 0x00000000da200000, 0x00000000f0000000)
  object space 165888K, 94% used [0x00000000d0000000,0x00000000d98bc910,0x00000000da200000)
 PSPermGen       total 79360K, used 64288K [0x00000000c0000000, 0x00000000c4d80000, 0x00000000d0000000)
  object space 79360K, 81% used [0x00000000c0000000,0x00000000c3ec8088,0x00000000c4d80000)
Event: 113301.738 GC heap after
Heap after GC invocations=255 (full 4):
 PSYoungGen      total 28160K, used 2548K [0x00000000f0000000, 0x00000000f2300000, 0x0000000100000000)
  eden space 25600K, 0% used [0x00000000f0000000,0x00000000f0000000,0x00000000f1900000)
  from space 2560K, 99% used [0x00000000f1900000,0x00000000f1b7d3a8,0x00000000f1b80000)
  to   space 5120K, 0% used [0x00000000f1e00000,0x00000000f1e00000,0x00000000f2300000)
 ParOldGen       total 165888K, used 160807K [0x00000000d0000000, 0x00000000da200000, 0x00000000f0000000)
  object space 165888K, 96% used [0x00000000d0000000,0x00000000d9d09c78,0x00000000da200000)
 PSPermGen       total 79360K, used 64288K [0x00000000c0000000, 0x00000000c4d80000, 0x00000000d0000000)
  object space 79360K, 81% used [0x00000000c0000000,0x00000000c3ec8088,0x00000000c4d80000)
}
Event: 113307.072 GC heap before
{Heap before GC invocations=256 (full 4):
 PSYoungGen      total 28160K, used 21676K [0x00000000f0000000, 0x00000000f2300000, 0x0000000100000000)
  eden space 25600K, 74% used [0x00000000f0000000,0x00000000f12adc58,0x00000000f1900000)
  from space 2560K, 99% used [0x00000000f1900000,0x00000000f1b7d3a8,0x00000000f1b80000)
  to   space 5120K, 0% used [0x00000000f1e00000,0x00000000f1e00000,0x00000000f2300000)
 ParOldGen       total 165888K, used 160807K [0x00000000d0000000, 0x00000000da200000, 0x00000000f0000000)
  object space 165888K, 96% used [0x00000000d0000000,0x00000000d9d09c78,0x00000000da200000)
 PSPermGen       total 79360K, used 65403K [0x00000000c0000000, 0x00000000c4d80000, 0x00000000d0000000)
  object space 79360K, 82% used [0x00000000c0000000,0x00000000c3fdede8,0x00000000c4d80000)
Event: 113307.144 GC heap after
Heap after GC invocations=256 (full 4):
 PSYoungGen      total 30208K, used 4494K [0x00000000f0000000, 0x00000000f2400000, 0x0000000100000000)
  eden space 25088K, 0% used [0x00000000f0000000,0x00000000f0000000,0x00000000f1880000)
  from space 5120K, 87% used [0x00000000f1e00000,0x00000000f22638f0,0x00000000f2300000)
  to   space 5632K, 0% used [0x00000000f1880000,0x00000000f1880000,0x00000000f1e00000)
 ParOldGen       total 165888K, used 160807K [0x00000000d0000000, 0x00000000da200000, 0x00000000f0000000)
  object space 165888K, 96% used [0x00000000d0000000,0x00000000d9d09c78,0x00000000da200000)
 PSPermGen       total 79360K, used 65403K [0x00000000c0000000, 0x00000000c4d80000, 0x00000000d0000000)
  object space 79360K, 82% used [0x00000000c0000000,0x00000000c3fdede8,0x00000000c4d80000)
}
Event: 113312.138 GC heap before
{Heap before GC invocations=257 (full 4):
 PSYoungGen      total 30208K, used 29531K [0x00000000f0000000, 0x00000000f2400000, 0x0000000100000000)
  eden space 25088K, 99% used [0x00000000f0000000,0x00000000f1873558,0x00000000f1880000)
  from space 5120K, 87% used [0x00000000f1e00000,0x00000000f22638f0,0x00000000f2300000)
  to   space 5632K, 0% used [0x00000000f1880000,0x00000000f1880000,0x00000000f1e00000)
 ParOldGen       total 165888K, used 160807K [0x00000000d0000000, 0x00000000da200000, 0x00000000f0000000)
  object space 165888K, 96% used [0x00000000d0000000,0x00000000d9d09c78,0x00000000da200000)
 PSPermGen       total 79360K, used 65670K [0x00000000c0000000, 0x00000000c4d80000, 0x00000000d0000000)
  object space 79360K, 82% used [0x00000000c0000000,0x00000000c4021940,0x00000000c4d80000)
Event: 113312.185 GC heap after
Heap after GC invocations=257 (full 4):
 PSYoungGen      total 30720K, used 5436K [0x00000000f0000000, 0x00000000f2580000, 0x0000000100000000)
  eden space 25088K, 0% used [0x00000000f0000000,0x00000000f0000000,0x00000000f1880000)
  from space 5632K, 96% used [0x00000000f1880000,0x00000000f1dcf188,0x00000000f1e00000)
  to   space 6656K, 0% used [0x00000000f1f00000,0x00000000f1f00000,0x00000000f2580000)
 ParOldGen       total 165888K, used 160807K [0x00000000d0000000, 0x00000000da200000, 0x00000000f0000000)
  object space 165888K, 96% used [0x00000000d0000000,0x00000000d9d09c78,0x00000000da200000)
 PSPermGen       total 79360K, used 65670K [0x00000000c0000000, 0x00000000c4d80000, 0x00000000d0000000)
  object space 79360K, 82% used [0x00000000c0000000,0x00000000c4021940,0x00000000c4d80000)
}
Event: 113313.355 GC heap before
{Heap before GC invocations=258 (full 4):
 PSYoungGen      total 30720K, used 30365K [0x00000000f0000000, 0x00000000f2580000, 0x0000000100000000)
  eden space 25088K, 99% used [0x00000000f0000000,0x00000000f1858560,0x00000000f1880000)
  from space 5632K, 96% used [0x00000000f1880000,0x00000000f1dcf188,0x00000000f1e00000)
  to   space 6656K, 0% used [0x00000000f1f00000,0x00000000f1f00000,0x00000000f2580000)
 ParOldGen       total 165888K, used 160807K [0x00000000d0000000, 0x00000000da200000, 0x00000000f0000000)
  object space 165888K, 96% used [0x00000000d0000000,0x00000000d9d09c78,0x00000000da200000)
 PSPermGen       total 79360K, used 65836K [0x00000000c0000000, 0x00000000c4d80000, 0x00000000d0000000)
  object space 79360K, 82% used [0x00000000c0000000,0x00000000c404b188,0x00000000c4d80000)
Event: 113313.417 GC heap after
Heap after GC invocations=258 (full 4):
 PSYoungGen      total 30720K, used 5520K [0x00000000f0000000, 0x00000000f2a00000, 0x0000000100000000)
  eden space 24064K, 0% used [0x00000000f0000000,0x00000000f0000000,0x00000000f1780000)
  from space 6656K, 82% used [0x00000000f1f00000,0x00000000f24641a0,0x00000000f2580000)
  to   space 7680K, 0% used [0x00000000f1780000,0x00000000f1780000,0x00000000f1f00000)
 ParOldGen       total 165888K, used 160807K [0x00000000d0000000, 0x00000000da200000, 0x00000000f0000000)
  object space 165888K, 96% used [0x00000000d0000000,0x00000000d9d09c78,0x00000000da200000)
 PSPermGen       total 79360K, used 65836K [0x00000000c0000000, 0x00000000c4d80000, 0x00000000d0000000)
  object space 79360K, 82% used [0x00000000c0000000,0x00000000c404b188,0x00000000c4d80000)
}
Event: 113313.566 GC heap before
{Heap before GC invocations=259 (full 4):
 PSYoungGen      total 30720K, used 29584K [0x00000000f0000000, 0x00000000f2a00000, 0x0000000100000000)
  eden space 24064K, 100% used [0x00000000f0000000,0x00000000f1780000,0x00000000f1780000)
  from space 6656K, 82% used [0x00000000f1f00000,0x00000000f24641a0,0x00000000f2580000)
  to   space 7680K, 0% used [0x00000000f1780000,0x00000000f1780000,0x00000000f1f00000)
 ParOldGen       total 165888K, used 160807K [0x00000000d0000000, 0x00000000da200000, 0x00000000f0000000)
  object space 165888K, 96% used [0x00000000d0000000,0x00000000d9d09c78,0x00000000da200000)
 PSPermGen       total 79360K, used 65913K [0x00000000c0000000, 0x00000000c4d80000, 0x00000000d0000000)
  object space 79360K, 83% used [0x00000000c0000000,0x00000000c405e770,0x00000000c4d80000)
Event: 113313.636 GC heap after
Heap after GC invocations=259 (full 4):
 PSYoungGen      total 31744K, used 5584K [0x00000000f0000000, 0x00000000f2c00000, 0x0000000100000000)
  eden space 24064K, 0% used [0x00000000f0000000,0x00000000f0000000,0x00000000f1780000)
  from space 7680K, 72% used [0x00000000f1780000,0x00000000f1cf4258,0x00000000f1f00000)
  to   space 8192K, 0% used [0x00000000f2400000,0x00000000f2400000,0x00000000f2c00000)
 ParOldGen       total 165888K, used 160807K [0x00000000d0000000, 0x00000000da200000, 0x00000000f0000000)
  object space 165888K, 96% used [0x00000000d0000000,0x00000000d9d09c78,0x00000000da200000)
 PSPermGen       total 79360K, used 65913K [0x00000000c0000000, 0x00000000c4d80000, 0x00000000d0000000)
  object space 79360K, 83% used [0x00000000c0000000,0x00000000c405e770,0x00000000c4d80000)
}

