# JRE version: Java(TM) SE Runtime Environment (7.0_65-b19) (build 1.7.0_65-b19)
# Java VM: Java HotSpot(TM) 64-Bit Server VM (24.65-b04 mixed mode windows-amd64 compressed oops)
Heap
 PSYoungGen      total 237056K, used 193466K [0x00000007d5500000, 0x00000007e4d80000, 0x0000000800000000)
  eden space 220672K, 86% used [0x00000007d5500000,0x00000007e0f668c8,0x00000007e2c80000)
  from space 16384K, 15% used [0x00000007e3d80000,0x00000007e40080e8,0x00000007e4d80000)
  to   space 16896K, 0% used [0x00000007e2c80000,0x00000007e2c80000,0x00000007e3d00000)
 ParOldGen       total 273920K, used 200588K [0x0000000780000000, 0x0000000790b80000, 0x00000007d5500000)
  object space 273920K, 73% used [0x0000000780000000,0x000000078c3e30a8,0x0000000790b80000)
 PSPermGen       total 206848K, used 119957K [0x0000000770000000, 0x000000077ca00000, 0x0000000780000000)
  object space 206848K, 57% used [0x0000000770000000,0x00000007775256f0,0x000000077ca00000)
GC Heap History (10 events):
Event: 104038.980 GC heap before
{Heap before GC invocations=202 (full 3):
 PSYoungGen      total 169984K, used 159209K [0x00000007d5500000, 0x00000007e0d00000, 0x0000000800000000)
  eden space 153600K, 100% used [0x00000007d5500000,0x00000007deb00000,0x00000007deb00000)
  from space 16384K, 34% used [0x00000007dfd00000,0x00000007e027a5a8,0x00000007e0d00000)
  to   space 17408K, 0% used [0x00000007deb00000,0x00000007deb00000,0x00000007dfc00000)
 ParOldGen       total 269824K, used 253464K [0x0000000780000000, 0x0000000790780000, 0x00000007d5500000)
  object space 269824K, 93% used [0x0000000780000000,0x000000078f786018,0x0000000790780000)
 PSPermGen       total 204288K, used 119357K [0x0000000770000000, 0x000000077c780000, 0x0000000780000000)
  object space 204288K, 58% used [0x0000000770000000,0x000000077748f4b8,0x000000077c780000)
Event: 104039.603 GC heap after
Heap after GC invocations=202 (full 3):
 PSYoungGen      total 171008K, used 9731K [0x00000007d5500000, 0x00000007e2b00000, 0x0000000800000000)
  eden space 153600K, 0% used [0x00000007d5500000,0x00000007d5500000,0x00000007deb00000)
  from space 17408K, 55% used [0x00000007deb00000,0x00000007df480d80,0x00000007dfc00000)
  to   space 17408K, 0% used [0x00000007e1a00000,0x00000007e1a00000,0x00000007e2b00000)
 ParOldGen       total 269824K, used 255763K [0x0000000780000000, 0x0000000790780000, 0x00000007d5500000)
  object space 269824K, 94% used [0x0000000780000000,0x000000078f9c4ed8,0x0000000790780000)
 PSPermGen       total 204288K, used 119357K [0x0000000770000000, 0x000000077c780000, 0x0000000780000000)
  object space 204288K, 58% used [0x0000000770000000,0x000000077748f4b8,0x000000077c780000)
}
Event: 104044.110 GC heap before
{Heap before GC invocations=203 (full 3):
 PSYoungGen      total 171008K, used 163331K [0x00000007d5500000, 0x00000007e2b00000, 0x0000000800000000)
  eden space 153600K, 100% used [0x00000007d5500000,0x00000007deb00000,0x00000007deb00000)
  from space 17408K, 55% used [0x00000007deb00000,0x00000007df480d80,0x00000007dfc00000)
  to   space 17408K, 0% used [0x00000007e1a00000,0x00000007e1a00000,0x00000007e2b00000)
 ParOldGen       total 269824K, used 255763K [0x0000000780000000, 0x0000000790780000, 0x00000007d5500000)
  object space 269824K, 94% used [0x0000000780000000,0x000000078f9c4ed8,0x0000000790780000)
 PSPermGen       total 204288K, used 119667K [0x0000000770000000, 0x000000077c780000, 0x0000000780000000)
  object space 204288K, 58% used [0x0000000770000000,0x00000007774dcca0,0x000000077c780000)
Event: 104044.802 GC heap after
Heap after GC invocations=203 (full 3):
 PSYoungGen      total 201216K, used 10378K [0x00000007d5500000, 0x00000007e2c00000, 0x0000000800000000)
  eden space 183808K, 0% used [0x00000007d5500000,0x00000007d5500000,0x00000007e0880000)
  from space 17408K, 59% used [0x00000007e1a00000,0x00000007e2422940,0x00000007e2b00000)
  to   space 17920K, 0% used [0x00000007e0880000,0x00000007e0880000,0x00000007e1a00000)
 ParOldGen       total 269824K, used 258464K [0x0000000780000000, 0x0000000790780000, 0x00000007d5500000)
  object space 269824K, 95% used [0x0000000780000000,0x000000078fc683b0,0x0000000790780000)
 PSPermGen       total 204288K, used 119667K [0x0000000770000000, 0x000000077c780000, 0x0000000780000000)
  object space 204288K, 58% used [0x0000000770000000,0x00000007774dcca0,0x000000077c780000)
}
Event: 104046.623 GC heap before
{Heap before GC invocations=204 (full 3):
 PSYoungGen      total 201216K, used 194186K [0x00000007d5500000, 0x00000007e2c00000, 0x0000000800000000)
  eden space 183808K, 100% used [0x00000007d5500000,0x00000007e0880000,0x00000007e0880000)
  from space 17408K, 59% used [0x00000007e1a00000,0x00000007e2422940,0x00000007e2b00000)
  to   space 17920K, 0% used [0x00000007e0880000,0x00000007e0880000,0x00000007e1a00000)
 ParOldGen       total 269824K, used 258464K [0x0000000780000000, 0x0000000790780000, 0x00000007d5500000)
  object space 269824K, 95% used [0x0000000780000000,0x000000078fc683b0,0x0000000790780000)
 PSPermGen       total 204288K, used 120204K [0x0000000770000000, 0x000000077c780000, 0x0000000780000000)
  object space 204288K, 58% used [0x0000000770000000,0x0000000777563368,0x000000077c780000)
Event: 104047.803 GC heap after
Heap after GC invocations=204 (full 3):
 PSYoungGen      total 201728K, used 2512K [0x00000007d5500000, 0x00000007e4e80000, 0x0000000800000000)
  eden space 183808K, 0% used [0x00000007d5500000,0x00000007d5500000,0x00000007e0880000)
  from space 17920K, 14% used [0x00000007e0880000,0x00000007e0af43f0,0x00000007e1a00000)
  to   space 17408K, 0% used [0x00000007e3d80000,0x00000007e3d80000,0x00000007e4e80000)
 ParOldGen       total 269824K, used 268364K [0x0000000780000000, 0x0000000790780000, 0x00000007d5500000)
  object space 269824K, 99% used [0x0000000780000000,0x00000007906133e8,0x0000000790780000)
 PSPermGen       total 204288K, used 120204K [0x0000000770000000, 0x000000077c780000, 0x0000000780000000)
  object space 204288K, 58% used [0x0000000770000000,0x0000000777563368,0x000000077c780000)
}
Event: 104047.812 GC heap before
{Heap before GC invocations=205 (full 4):
 PSYoungGen      total 201728K, used 2512K [0x00000007d5500000, 0x00000007e4e80000, 0x0000000800000000)
  eden space 183808K, 0% used [0x00000007d5500000,0x00000007d5500000,0x00000007e0880000)
  from space 17920K, 14% used [0x00000007e0880000,0x00000007e0af43f0,0x00000007e1a00000)
  to   space 17408K, 0% used [0x00000007e3d80000,0x00000007e3d80000,0x00000007e4e80000)
 ParOldGen       total 269824K, used 268364K [0x0000000780000000, 0x0000000790780000, 0x00000007d5500000)
  object space 269824K, 99% used [0x0000000780000000,0x00000007906133e8,0x0000000790780000)
 PSPermGen       total 204288K, used 120204K [0x0000000770000000, 0x000000077c780000, 0x0000000780000000)
  object space 204288K, 58% used [0x0000000770000000,0x0000000777563368,0x000000077c780000)
Event: 104084.886 GC heap after
Heap after GC invocations=205 (full 4):
 PSYoungGen      total 201728K, used 0K [0x00000007d5500000, 0x00000007e4e80000, 0x0000000800000000)
  eden space 183808K, 0% used [0x00000007d5500000,0x00000007d5500000,0x00000007e0880000)
  from space 17920K, 0% used [0x00000007e0880000,0x00000007e0880000,0x00000007e1a00000)
  to   space 17408K, 0% used [0x00000007e3d80000,0x00000007e3d80000,0x00000007e4e80000)
 ParOldGen       total 273920K, used 200588K [0x0000000780000000, 0x0000000790b80000, 0x00000007d5500000)
  object space 273920K, 73% used [0x0000000780000000,0x000000078c3e30a8,0x0000000790b80000)
 PSPermGen       total 206848K, used 118876K [0x0000000770000000, 0x000000077ca00000, 0x0000000780000000)
  object space 206848K, 57% used [0x0000000770000000,0x0000000777417280,0x000000077ca00000)
}
Event: 104086.156 GC heap before
{Heap before GC invocations=206 (full 4):
 PSYoungGen      total 201728K, used 183808K [0x00000007d5500000, 0x00000007e4e80000, 0x0000000800000000)
  eden space 183808K, 100% used [0x00000007d5500000,0x00000007e0880000,0x00000007e0880000)
  from space 17920K, 0% used [0x00000007e0880000,0x00000007e0880000,0x00000007e1a00000)
  to   space 17408K, 0% used [0x00000007e3d80000,0x00000007e3d80000,0x00000007e4e80000)
 ParOldGen       total 273920K, used 200588K [0x0000000780000000, 0x0000000790b80000, 0x00000007d5500000)
  object space 273920K, 73% used [0x0000000780000000,0x000000078c3e30a8,0x0000000790b80000)
 PSPermGen       total 206848K, used 119413K [0x0000000770000000, 0x000000077ca00000, 0x0000000780000000)
  object space 206848K, 57% used [0x0000000770000000,0x000000077749d728,0x000000077ca00000)
Event: 104086.167 GC heap after
Heap after GC invocations=206 (full 4):
 PSYoungGen      total 237056K, used 2592K [0x00000007d5500000, 0x00000007e4d80000, 0x0000000800000000)
  eden space 220672K, 0% used [0x00000007d5500000,0x00000007d5500000,0x00000007e2c80000)
  from space 16384K, 15% used [0x00000007e3d80000,0x00000007e40080e8,0x00000007e4d80000)
  to   space 16896K, 0% used [0x00000007e2c80000,0x00000007e2c80000,0x00000007e3d00000)
 ParOldGen       total 273920K, used 200588K [0x0000000780000000, 0x0000000790b80000, 0x00000007d5500000)
  object space 273920K, 73% used [0x0000000780000000,0x000000078c3e30a8,0x0000000790b80000)
 PSPermGen       total 206848K, used 119413K [0x0000000770000000, 0x000000077ca00000, 0x0000000780000000)
  object space 206848K, 57% used [0x0000000770000000,0x000000077749d728,0x000000077ca00000)
}

